  pch.cpp
  AssemblyInfo.cpp
  CppCLR_WinformsProjekt.cpp
  Error.cpp
  ErrorRepository.cpp
D:\1.Sofia University Bechelor\Third Course\First Semester\Data Structures\Data-structures\alfabetameta\alfabetameta\ErrorRepository.cpp(13,6): warning C4101: 'code': unreferenced local variable
D:\1.Sofia University Bechelor\Third Course\First Semester\Data Structures\Data-structures\alfabetameta\alfabetameta\ErrorRepository.cpp(192,26): warning C4129: '<': unrecognized character escape sequence
D:\1.Sofia University Bechelor\Third Course\First Semester\Data Structures\Data-structures\alfabetameta\alfabetameta\ErrorRepository.cpp(246,23): warning C4018: '<': signed/unsigned mismatch
D:\1.Sofia University Bechelor\Third Course\First Semester\Data Structures\Data-structures\alfabetameta\alfabetameta\ErrorRepository.cpp(293,23): warning C4018: '<': signed/unsigned mismatch
D:\1.Sofia University Bechelor\Third Course\First Semester\Data Structures\Data-structures\alfabetameta\alfabetameta\ErrorRepository.cpp(339,23): warning C4018: '<': signed/unsigned mismatch
D:\1.Sofia University Bechelor\Third Course\First Semester\Data Structures\Data-structures\alfabetameta\alfabetameta\ErrorRepository.cpp(412,23): warning C4018: '<': signed/unsigned mismatch
D:\1.Sofia University Bechelor\Third Course\First Semester\Data Structures\Data-structures\alfabetameta\alfabetameta\ErrorRepository.cpp(427,23): warning C4018: '<': signed/unsigned mismatch
  Form1.cpp
  IMLRepository.cpp
  .NETFramework,Version=v4.7.2.AssemblyAttributes.cpp
  Generating Code...
D:\1.Sofia University Bechelor\Third Course\First Semester\Data Structures\Data-structures\alfabetameta\alfabetameta\ErrorRepository.cpp(108): warning C4715: 'ErrorRepository::getByCode': not all control paths return a value
D:\1.Sofia University Bechelor\Third Course\First Semester\Data Structures\Data-structures\alfabetameta\alfabetameta\ErrorRepository.cpp(182): warning C4715: 'ErrorRepository::splitString': not all control paths return a value
D:\1.Sofia University Bechelor\Third Course\First Semester\Data Structures\Data-structures\alfabetameta\alfabetameta\ErrorRepository.cpp(218): warning C4715: 'ErrorRepository::halfSplit': not all control paths return a value
D:\1.Sofia University Bechelor\Third Course\First Semester\Data Structures\Data-structures\alfabetameta\alfabetameta\ErrorRepository.cpp(285): warning C4715: 'ErrorRepository::unhandledTag': not all control paths return a value
D:\1.Sofia University Bechelor\Third Course\First Semester\Data Structures\Data-structures\alfabetameta\alfabetameta\ErrorRepository.cpp(441): warning C4715: 'ErrorRepository::numericParameters': not all control paths return a value
D:\1.Sofia University Bechelor\Third Course\First Semester\Data Structures\Data-structures\alfabetameta\alfabetameta\ErrorRepository.cpp(463): warning C4715: 'ErrorRepository::cleanScript': not all control paths return a value
  AssemblyInfo.obj : MSIL module encountered; incremental linking is disabled for MSIL; performing full link
  alfabetameta.vcxproj -> D:\1.Sofia University Bechelor\Third Course\First Semester\Data Structures\Data-structures\alfabetameta\Debug\alfabetameta.exe
